#
# There is insufficient memory for the Java Runtime Environment to continue.
# Native memory allocation (malloc) failed to allocate 430976 bytes for Chunk::new
# Possible reasons:
#   The system is out of physical RAM or swap space
#   The process is running with CompressedOops enabled, and the Java Heap may be blocking the growth of the native heap
# Possible solutions:
#   Reduce memory load on the system
#   Increase physical memory or swap space
#   Check if swap backing store is full
#   Decrease Java heap size (-Xmx/-Xms)
#   Decrease number of Java threads
#   Decrease Java thread stack sizes (-Xss)
#   Set larger code cache with -XX:ReservedCodeCacheSize=
#   JVM is running with Unscaled Compressed Oops mode in which the Java heap is
#     placed in the first 4GB address space. The Java Heap base address is the
#     maximum limit for the native heap growth. Please use -XX:HeapBaseMinAddress
#     to set the Java Heap base and to place the Java Heap above 4GB virtual address.
# This output file may be truncated or incomplete.
#
#  Out of Memory Error (allocation.cpp:389), pid=14892, tid=0x0000000000000d9c
#
# JRE version: OpenJDK Runtime Environment (8.0_212-b04) (build 1.8.0_212-release-1586-b04)
# Java VM: OpenJDK 64-Bit Server VM (25.212-b04 mixed mode windows-amd64 compressed oops)
# Failed to write core dump. Minidumps are not enabled by default on client versions of Windows
#

---------------  T H R E A D  ---------------

Current thread (0x000000001830a000):  JavaThread "C2 CompilerThread0" daemon [_thread_in_native, id=3484, stack(0x000000001a8d0000,0x000000001a9d0000)]

Stack: [0x000000001a8d0000,0x000000001a9d0000]
[error occurred during error reporting (printing stack bounds), id 0xc0000005]

Native frames: (J=compiled Java code, j=interpreted, Vv=VM code, C=native code)


Current CompileTask:
C2:   1609 1751   !   4       java.net.URL::<init> (543 bytes)


---------------  P R O C E S S  ---------------

Java Threads: ( => current thread )
  0x000000001a206800 JavaThread "Service Thread" daemon [_thread_blocked, id=18588, stack(0x000000001acd0000,0x000000001add0000)]
  0x000000001a16f800 JavaThread "C1 CompilerThread3" daemon [_thread_in_native, id=15908, stack(0x000000001abd0000,0x000000001acd0000)]
  0x000000001a16c800 JavaThread "C2 CompilerThread2" daemon [_thread_in_native, id=19372, stack(0x000000001aad0000,0x000000001abd0000)]
  0x000000001830c800 JavaThread "C2 CompilerThread1" daemon [_thread_in_native, id=13584, stack(0x000000001a9d0000,0x000000001aad0000)]
=>0x000000001830a000 JavaThread "C2 CompilerThread0" daemon [_thread_in_native, id=3484, stack(0x000000001a8d0000,0x000000001a9d0000)]
  0x000000001a114800 JavaThread "Attach Listener" daemon [_thread_blocked, id=2936, stack(0x000000001a7d0000,0x000000001a8d0000)]
  0x000000001a168000 JavaThread "Signal Dispatcher" daemon [_thread_blocked, id=25328, stack(0x000000001a6d0000,0x000000001a7d0000)]
  0x0000000018300800 JavaThread "Finalizer" daemon [_thread_blocked, id=15728, stack(0x000000001a5d0000,0x000000001a6d0000)]
  0x000000001a0f0800 JavaThread "Reference Handler" daemon [_thread_blocked, id=7136, stack(0x000000001a4d0000,0x000000001a5d0000)]
  0x0000000003298000 JavaThread "main" [_thread_in_Java, id=25076, stack(0x0000000003190000,0x0000000003290000)]

Other Threads:
  0x000000000338d800 VMThread [stack: 0x0000000019fd0000,0x000000001a0d0000] [id=23108]
  0x000000001a20f800 WatcherThread [stack: 0x000000001add0000,0x000000001aed0000] [id=21956]

VM state:not at safepoint (normal execution)

VM Mutex/Monitor currently owned by a thread: None

heap address: 0x0000000081e00000, size: 2018 MB, Compressed Oops mode: 32-bit
Narrow klass base: 0x0000000000000000, Narrow klass shift: 3
Compressed class space size: 1073741824 Address: 0x0000000100000000

Heap:
 PSYoungGen      total 71680K, used 35074K [0x00000000d5f80000, 0x00000000deb80000, 0x0000000100000000)
  eden space 66560K, 52% used [0x00000000d5f80000,0x00000000d81c0878,0x00000000da080000)
  from space 5120K, 0% used [0x00000000da080000,0x00000000da080000,0x00000000da580000)
  to   space 5120K, 0% used [0x00000000de680000,0x00000000de680000,0x00000000deb80000)
 ParOldGen       total 67072K, used 9223K [0x0000000081e00000, 0x0000000085f80000, 0x00000000d5f80000)
  object space 67072K, 13% used [0x0000000081e00000,0x0000000082701ec0,0x0000000085f80000)
 Metaspace       used 24678K, capacity 25198K, committed 25392K, reserved 1071104K
  class space    used 2958K, capacity 3116K, committed 3120K, reserved 1048576K

Card table byte_map: [0x0000000012750000,0x0000000012b50000] byte_map_base: 0x0000000012341000

Marking Bits: (ParMarkBitMap*) 0x000000005a669f30
 Begin Bits: [0x0000000013600000, 0x0000000015588000)
 End Bits:   [0x0000000015588000, 0x0000000017510000)

Polling page: 0x0000000001430000

CodeCache: size=245760Kb used=5447Kb max_used=5447Kb free=240312Kb
 bounds [0x0000000003390000, 0x00000000038f0000, 0x0000000012390000]
 total_blobs=2227 nmethods=1811 adapters=329
 compilation: enabled

Compilation events (10 events):
Event: 1.607 Thread 0x000000001a16f800 nmethod 1816 0x00000000038e14d0 code [0x00000000038e1620, 0x00000000038e1730]
Event: 1.607 Thread 0x000000001a16f800 1817       1       org.jetbrains.kotlin.metadata.ProtoBuf$QualifiedNameTable$QualifiedName::getParentQualifiedName (5 bytes)
Event: 1.607 Thread 0x000000001a16f800 nmethod 1817 0x00000000038e1790 code [0x00000000038e18e0, 0x00000000038e19f0]
Event: 1.607 Thread 0x000000001a16f800 1811       1       org.jetbrains.kotlin.protobuf.SmallSortedMap$Entry::getValue (5 bytes)
Event: 1.607 Thread 0x000000001a16f800 nmethod 1811 0x00000000038e1a50 code [0x00000000038e1ba0, 0x00000000038e1cb0]
Event: 1.607 Thread 0x000000001a16f800 1820       3       org.jetbrains.kotlin.protobuf.SmallSortedMap::makeImmutable (42 bytes)
Event: 1.607 Thread 0x000000001a16f800 nmethod 1820 0x00000000038e1d10 code [0x00000000038e1ec0, 0x00000000038e2478]
Event: 1.607 Thread 0x000000001a16f800 1821       3       org.jetbrains.kotlin.protobuf.GeneratedMessageLite$ExtendableMessage::makeExtensionsImmutable (8 bytes)
Event: 1.608 Thread 0x000000001a16f800 nmethod 1821 0x00000000038e2710 code [0x00000000038e2880, 0x00000000038e2bc8]
Event: 1.608 Thread 0x000000001a16f800 1822       3       org.jetbrains.kotlin.protobuf.FieldSet::isInitialized (83 bytes)

GC Heap History (8 events):
Event: 0.517 GC heap before
{Heap before GC invocations=1 (full 0):
 PSYoungGen      total 38400K, used 33280K [0x00000000d5f80000, 0x00000000d8a00000, 0x0000000100000000)
  eden space 33280K, 100% used [0x00000000d5f80000,0x00000000d8000000,0x00000000d8000000)
  from space 5120K, 0% used [0x00000000d8500000,0x00000000d8500000,0x00000000d8a00000)
  to   space 5120K, 0% used [0x00000000d8000000,0x00000000d8000000,0x00000000d8500000)
 ParOldGen       total 87552K, used 0K [0x0000000081e00000, 0x0000000087380000, 0x00000000d5f80000)
  object space 87552K, 0% used [0x0000000081e00000,0x0000000081e00000,0x0000000087380000)
 Metaspace       used 10005K, capacity 10220K, committed 10496K, reserved 1058816K
  class space    used 1109K, capacity 1180K, committed 1280K, reserved 1048576K
Event: 0.522 GC heap after
Heap after GC invocations=1 (full 0):
 PSYoungGen      total 38400K, used 5089K [0x00000000d5f80000, 0x00000000daa80000, 0x0000000100000000)
  eden space 33280K, 0% used [0x00000000d5f80000,0x00000000d5f80000,0x00000000d8000000)
  from space 5120K, 99% used [0x00000000d8000000,0x00000000d84f8530,0x00000000d8500000)
  to   space 5120K, 0% used [0x00000000da580000,0x00000000da580000,0x00000000daa80000)
 ParOldGen       total 87552K, used 2976K [0x0000000081e00000, 0x0000000087380000, 0x00000000d5f80000)
  object space 87552K, 3% used [0x0000000081e00000,0x00000000820e81c0,0x0000000087380000)
 Metaspace       used 10005K, capacity 10220K, committed 10496K, reserved 1058816K
  class space    used 1109K, capacity 1180K, committed 1280K, reserved 1048576K
}
Event: 0.898 GC heap before
{Heap before GC invocations=2 (full 0):
 PSYoungGen      total 38400K, used 38369K [0x00000000d5f80000, 0x00000000daa80000, 0x0000000100000000)
  eden space 33280K, 100% used [0x00000000d5f80000,0x00000000d8000000,0x00000000d8000000)
  from space 5120K, 99% used [0x00000000d8000000,0x00000000d84f8530,0x00000000d8500000)
  to   space 5120K, 0% used [0x00000000da580000,0x00000000da580000,0x00000000daa80000)
 ParOldGen       total 87552K, used 2976K [0x0000000081e00000, 0x0000000087380000, 0x00000000d5f80000)
  object space 87552K, 3% used [0x0000000081e00000,0x00000000820e81c0,0x0000000087380000)
 Metaspace       used 15972K, capacity 16268K, committed 16384K, reserved 1062912K
  class space    used 1877K, capacity 1980K, committed 2048K, reserved 1048576K
Event: 0.905 GC heap after
Heap after GC invocations=2 (full 0):
 PSYoungGen      total 71680K, used 5101K [0x00000000d5f80000, 0x00000000daa80000, 0x0000000100000000)
  eden space 66560K, 0% used [0x00000000d5f80000,0x00000000d5f80000,0x00000000da080000)
  from space 5120K, 99% used [0x00000000da580000,0x00000000daa7b7d8,0x00000000daa80000)
  to   space 5120K, 0% used [0x00000000da080000,0x00000000da080000,0x00000000da580000)
 ParOldGen       total 87552K, used 8188K [0x0000000081e00000, 0x0000000087380000, 0x00000000d5f80000)
  object space 87552K, 9% used [0x0000000081e00000,0x00000000825ff0d8,0x0000000087380000)
 Metaspace       used 15972K, capacity 16268K, committed 16384K, reserved 1062912K
  class space    used 1877K, capacity 1980K, committed 2048K, reserved 1048576K
}
Event: 1.142 GC heap before
{Heap before GC invocations=3 (full 0):
 PSYoungGen      total 71680K, used 24038K [0x00000000d5f80000, 0x00000000daa80000, 0x0000000100000000)
  eden space 66560K, 28% used [0x00000000d5f80000,0x00000000d71fe260,0x00000000da080000)
  from space 5120K, 99% used [0x00000000da580000,0x00000000daa7b7d8,0x00000000daa80000)
  to   space 5120K, 0% used [0x00000000da080000,0x00000000da080000,0x00000000da580000)
 ParOldGen       total 87552K, used 8188K [0x0000000081e00000, 0x0000000087380000, 0x00000000d5f80000)
  object space 87552K, 9% used [0x0000000081e00000,0x00000000825ff0d8,0x0000000087380000)
 Metaspace       used 20753K, capacity 21162K, committed 21296K, reserved 1069056K
  class space    used 2467K, capacity 2589K, committed 2608K, reserved 1048576K
Event: 1.150 GC heap after
Heap after GC invocations=3 (full 0):
 PSYoungGen      total 71680K, used 5106K [0x00000000d5f80000, 0x00000000deb80000, 0x0000000100000000)
  eden space 66560K, 0% used [0x00000000d5f80000,0x00000000d5f80000,0x00000000da080000)
  from space 5120K, 99% used [0x00000000da080000,0x00000000da57c808,0x00000000da580000)
  to   space 5120K, 0% used [0x00000000de680000,0x00000000de680000,0x00000000deb80000)
 ParOldGen       total 87552K, used 12349K [0x0000000081e00000, 0x0000000087380000, 0x00000000d5f80000)
  object space 87552K, 14% used [0x0000000081e00000,0x0000000082a0f650,0x0000000087380000)
 Metaspace       used 20753K, capacity 21162K, committed 21296K, reserved 1069056K
  class space    used 2467K, capacity 2589K, committed 2608K, reserved 1048576K
}
Event: 1.150 GC heap before
{Heap before GC invocations=4 (full 1):
 PSYoungGen      total 71680K, used 5106K [0x00000000d5f80000, 0x00000000deb80000, 0x0000000100000000)
  eden space 66560K, 0% used [0x00000000d5f80000,0x00000000d5f80000,0x00000000da080000)
  from space 5120K, 99% used [0x00000000da080000,0x00000000da57c808,0x00000000da580000)
  to   space 5120K, 0% used [0x00000000de680000,0x00000000de680000,0x00000000deb80000)
 ParOldGen       total 87552K, used 12349K [0x0000000081e00000, 0x0000000087380000, 0x00000000d5f80000)
  object space 87552K, 14% used [0x0000000081e00000,0x0000000082a0f650,0x0000000087380000)
 Metaspace       used 20753K, capacity 21162K, committed 21296K, reserved 1069056K
  class space    used 2467K, capacity 2589K, committed 2608K, reserved 1048576K
Event: 1.177 GC heap after
Heap after GC invocations=4 (full 1):
 PSYoungGen      total 71680K, used 0K [0x00000000d5f80000, 0x00000000deb80000, 0x0000000100000000)
  eden space 66560K, 0% used [0x00000000d5f80000,0x00000000d5f80000,0x00000000da080000)
  from space 5120K, 0% used [0x00000000da080000,0x00000000da080000,0x00000000da580000)
  to   space 5120K, 0% used [0x00000000de680000,0x00000000de680000,0x00000000deb80000)
 ParOldGen       total 67072K, used 9223K [0x0000000081e00000, 0x0000000085f80000, 0x00000000d5f80000)
  object space 67072K, 13% used [0x0000000081e00000,0x0000000082701ec0,0x0000000085f80000)
 Metaspace       used 20753K, capacity 21162K, committed 21296K, reserved 1069056K
  class space    used 2467K, capacity 2589K, committed 2608K, reserved 1048576K
}

Deoptimization events (10 events):
Event: 1.300 Thread 0x0000000003298000 Uncommon trap: reason=unstable_if action=reinterpret pc=0x00000000036dc324 method=java.lang.String.<init>([CII)V @ 18
Event: 1.339 Thread 0x0000000003298000 Uncommon trap: reason=unstable_if action=reinterpret pc=0x0000000003879d30 method=java.util.zip.ZipEntry.setExtra0([BZ)V @ 279
Event: 1.464 Thread 0x0000000003298000 Uncommon trap: reason=class_check action=maybe_recompile pc=0x00000000038942a0 method=gnu.trove.TObjectHash.computeHashCode(Ljava/lang/Object;)I @ 5
Event: 1.464 Thread 0x0000000003298000 Uncommon trap: reason=class_check action=maybe_recompile pc=0x00000000038942a0 method=gnu.trove.TObjectHash.computeHashCode(Ljava/lang/Object;)I @ 5
Event: 1.464 Thread 0x0000000003298000 Uncommon trap: reason=class_check action=maybe_recompile pc=0x00000000038942a0 method=gnu.trove.TObjectHash.computeHashCode(Ljava/lang/Object;)I @ 5
Event: 1.464 Thread 0x0000000003298000 Uncommon trap: reason=class_check action=maybe_recompile pc=0x00000000038942a0 method=gnu.trove.TObjectHash.computeHashCode(Ljava/lang/Object;)I @ 5
Event: 1.464 Thread 0x0000000003298000 Uncommon trap: reason=class_check action=maybe_recompile pc=0x0000000003876988 method=gnu.trove.TObjectHash.equals(Ljava/lang/Object;Ljava/lang/Object;)Z @ 6
Event: 1.464 Thread 0x0000000003298000 Uncommon trap: reason=class_check action=maybe_recompile pc=0x0000000003876988 method=gnu.trove.TObjectHash.equals(Ljava/lang/Object;Ljava/lang/Object;)Z @ 6
Event: 1.464 Thread 0x0000000003298000 Uncommon trap: reason=class_check action=maybe_recompile pc=0x0000000003876988 method=gnu.trove.TObjectHash.equals(Ljava/lang/Object;Ljava/lang/Object;)Z @ 6
Event: 1.464 Thread 0x0000000003298000 Uncommon trap: reason=class_check action=maybe_recompile pc=0x0000000003876988 method=gnu.trove.TObjectHash.equals(Ljava/lang/Object;Ljava/lang/Object;)Z @ 6

Classes redefined (0 events):
No events

Internal exceptions (10 events):
Event: 0.303 Thread 0x0000000003298000 Exception <a 'java/security/PrivilegedActionException'> (0x00000000d6db2e78) thrown at [D:\src\AOSP-openjdk-cygwin\jdk8u\hotspot\src\share\vm\prims\jvm.cpp, line 1502]
Event: 0.303 Thread 0x0000000003298000 Exception <a 'java/security/PrivilegedActionException'> (0x00000000d6db3270) thrown at [D:\src\AOSP-openjdk-cygwin\jdk8u\hotspot\src\share\vm\prims\jvm.cpp, line 1502]
Event: 0.460 Thread 0x0000000003298000 Exception <a 'java/lang/ArrayIndexOutOfBoundsException'> (0x00000000d7ab0380) thrown at [D:\src\AOSP-openjdk-cygwin\jdk8u\hotspot\src\share\vm\runtime\sharedRuntime.cpp, line 605]
Event: 0.577 Thread 0x0000000003298000 Exception <a 'java/lang/ArrayIndexOutOfBoundsException'> (0x00000000d63e8120) thrown at [D:\src\AOSP-openjdk-cygwin\jdk8u\hotspot\src\share\vm\runtime\sharedRuntime.cpp, line 605]
Event: 0.857 Thread 0x0000000003298000 Implicit null exception at 0x0000000003658c6f to 0x0000000003658cd9
Event: 0.913 Thread 0x0000000003298000 Exception <a 'java/lang/NoSuchMethodError': java.lang.Object.lambda$comparing$77a9974f$1(Ljava/util/function/Function;Ljava/lang/Object;Ljava/lang/Object;)I> (0x00000000d6011fc8) thrown at [D:\src\AOSP-openjdk-cygwin\jdk8u\hotspot\src\share\vm\interpreter
Event: 0.924 Thread 0x0000000003298000 Exception <a 'java/lang/NoSuchMethodError': java.lang.Object.lambda$static$0()J> (0x00000000d610a558) thrown at [D:\src\AOSP-openjdk-cygwin\jdk8u\hotspot\src\share\vm\interpreter\linkResolver.cpp, line 620]
Event: 1.033 Thread 0x0000000003298000 Exception <a 'java/lang/NoSuchMethodError': java.lang.Object.lambda$static$0(I)[Lorg/jetbrains/kotlin/com/intellij/openapi/editor/event/DocumentListener;> (0x00000000d68b5dd8) thrown at [D:\src\AOSP-openjdk-cygwin\jdk8u\hotspot\src\share\vm\interpreter\li
Event: 1.059 Thread 0x0000000003298000 Exception <a 'java/lang/NoSuchMethodError': java.lang.Object.lambda$static$0(I)[Lorg/jetbrains/kotlin/com/intellij/psi/PsiAnnotation;> (0x00000000d6aba6c8) thrown at [D:\src\AOSP-openjdk-cygwin\jdk8u\hotspot\src\share\vm\interpreter\linkResolver.cpp, line
Event: 1.135 Thread 0x0000000003298000 Exception <a 'java/lang/NoSuchMethodError': java.lang.Object.lambda$static$0(I)[Lorg/jetbrains/kotlin/com/intellij/psi/PsiElement;> (0x00000000d708c6f0) thrown at [D:\src\AOSP-openjdk-cygwin\jdk8u\hotspot\src\share\vm\interpreter\linkResolver.cpp, line 62

Events (10 events):
Event: 1.604 loading class org/jetbrains/kotlin/serialization/deserialization/ClassDataFinder
Event: 1.604 loading class org/jetbrains/kotlin/serialization/deserialization/ClassDataFinder done
Event: 1.605 loading class org/jetbrains/kotlin/serialization/deserialization/DeserializedPackageFragmentImpl$classDataFinder$1
Event: 1.605 loading class org/jetbrains/kotlin/serialization/deserialization/DeserializedPackageFragmentImpl$classDataFinder$1 done
Event: 1.605 loading class org/jetbrains/kotlin/serialization/deserialization/NameResolverUtilKt
Event: 1.605 loading class org/jetbrains/kotlin/serialization/deserialization/NameResolverUtilKt done
Event: 1.605 loading class org/jetbrains/kotlin/protobuf/Utf8
Event: 1.605 loading class org/jetbrains/kotlin/protobuf/Utf8 done
Event: 1.605 loading class org/jetbrains/kotlin/metadata/deserialization/NameResolverImpl$WhenMappings
Event: 1.605 loading class org/jetbrains/kotlin/metadata/deserialization/NameResolverImpl$WhenMappings done


Dynamic libraries:
0x00007ff7f0ca0000 - 0x00007ff7f0cd1000 	C:\Program Files\Android\Android Studio\jre\jre\bin\java.exe
0x00007ff874aa0000 - 0x00007ff874c90000 	C:\WINDOWS\SYSTEM32\ntdll.dll
0x00007ff873b40000 - 0x00007ff873bf2000 	C:\WINDOWS\System32\KERNEL32.DLL
0x00007ff872390000 - 0x00007ff872633000 	C:\WINDOWS\System32\KERNELBASE.dll
0x00007ff873780000 - 0x00007ff873823000 	C:\WINDOWS\System32\ADVAPI32.dll
0x00007ff874160000 - 0x00007ff8741fe000 	C:\WINDOWS\System32\msvcrt.dll
0x00007ff873240000 - 0x00007ff8732d7000 	C:\WINDOWS\System32\sechost.dll
0x00007ff873a20000 - 0x00007ff873b40000 	C:\WINDOWS\System32\RPCRT4.dll
0x00007ff874570000 - 0x00007ff874704000 	C:\WINDOWS\System32\USER32.dll
0x00007ff8729d0000 - 0x00007ff8729f1000 	C:\WINDOWS\System32\win32u.dll
0x00007ff874a30000 - 0x00007ff874a56000 	C:\WINDOWS\System32\GDI32.dll
0x00007ff872830000 - 0x00007ff8729c4000 	C:\WINDOWS\System32\gdi32full.dll
0x00007ff872640000 - 0x00007ff8726de000 	C:\WINDOWS\System32\msvcp_win.dll
0x00007ff872730000 - 0x00007ff87282a000 	C:\WINDOWS\System32\ucrtbase.dll
0x00007ff862d30000 - 0x00007ff862fb5000 	C:\WINDOWS\WinSxS\amd64_microsoft.windows.common-controls_6595b64144ccf1df_6.0.18362.720_none_e6beb5c51314836b\COMCTL32.dll
0x00007ff873440000 - 0x00007ff873776000 	C:\WINDOWS\System32\combase.dll
0x00007ff872310000 - 0x00007ff872390000 	C:\WINDOWS\System32\bcryptPrimitives.dll
0x00007ff874a00000 - 0x00007ff874a2e000 	C:\WINDOWS\System32\IMM32.DLL
0x0000000059ce0000 - 0x0000000059db2000 	C:\Program Files\Android\Android Studio\jre\jre\bin\msvcr100.dll
0x0000000059ea0000 - 0x000000005a6e6000 	C:\Program Files\Android\Android Studio\jre\jre\bin\server\jvm.dll
0x00007ff8749f0000 - 0x00007ff8749f8000 	C:\WINDOWS\System32\PSAPI.DLL
0x00007ff85b4d0000 - 0x00007ff85b4d9000 	C:\WINDOWS\SYSTEM32\WSOCK32.dll
0x00007ff86f5e0000 - 0x00007ff86f604000 	C:\WINDOWS\SYSTEM32\WINMM.dll
0x00007ff867cb0000 - 0x00007ff867cba000 	C:\WINDOWS\SYSTEM32\VERSION.dll
0x00007ff874420000 - 0x00007ff87448f000 	C:\WINDOWS\System32\WS2_32.dll
0x00007ff86f160000 - 0x00007ff86f18d000 	C:\WINDOWS\SYSTEM32\WINMMBASE.dll
0x00007ff871a30000 - 0x00007ff871a7a000 	C:\WINDOWS\System32\cfgmgr32.dll
0x00007ff86a3b0000 - 0x00007ff86a3bf000 	C:\Program Files\Android\Android Studio\jre\jre\bin\verify.dll
0x00007ff869e20000 - 0x00007ff869e49000 	C:\Program Files\Android\Android Studio\jre\jre\bin\java.dll
0x00007ff86a310000 - 0x00007ff86a326000 	C:\Program Files\Android\Android Studio\jre\jre\bin\zip.dll
0x00007ff872b50000 - 0x00007ff873235000 	C:\WINDOWS\System32\SHELL32.dll
0x00007ff8738e0000 - 0x00007ff873989000 	C:\WINDOWS\System32\shcore.dll
0x00007ff871b30000 - 0x00007ff8722b0000 	C:\WINDOWS\System32\windows.storage.dll
0x00007ff8719c0000 - 0x00007ff8719e3000 	C:\WINDOWS\System32\profapi.dll
0x00007ff871970000 - 0x00007ff8719ba000 	C:\WINDOWS\System32\powrprof.dll
0x00007ff871960000 - 0x00007ff871970000 	C:\WINDOWS\System32\UMPDC.dll
0x00007ff874990000 - 0x00007ff8749e2000 	C:\WINDOWS\System32\shlwapi.dll
0x00007ff871a10000 - 0x00007ff871a21000 	C:\WINDOWS\System32\kernel.appcore.dll
0x00007ff8726e0000 - 0x00007ff8726f7000 	C:\WINDOWS\System32\cryptsp.dll
0x00007ff86a280000 - 0x00007ff86a29a000 	C:\Program Files\Android\Android Studio\jre\jre\bin\net.dll
0x00007ff863c60000 - 0x00007ff863e35000 	C:\WINDOWS\SYSTEM32\urlmon.dll
0x00007ff8601c0000 - 0x00007ff860466000 	C:\WINDOWS\SYSTEM32\iertutil.dll
0x00007ff8713a0000 - 0x00007ff8713ac000 	C:\WINDOWS\SYSTEM32\CRYPTBASE.DLL
0x00007ff8711d0000 - 0x00007ff871237000 	C:\WINDOWS\system32\mswsock.dll
0x00007ff869e70000 - 0x00007ff869e83000 	C:\Program Files\Android\Android Studio\jre\jre\bin\nio.dll

VM Arguments:
java_command: org.jetbrains.kotlin.cli.jvm.K2JVMCompiler -Xallow-no-source-files -classpath E:\better\Proud\app\build\intermediates\compile_and_runtime_not_namespaced_r_class_jar\debug\R.jar;C:\Users\zexiger\.gradle\caches\transforms-2\files-2.1\906801bd8eedd543c2fcbd8760c214dc\jetified-kotlin-android-extensions-runtime-1.3.61.jar;C:\Users\zexiger\.gradle\caches\transforms-2\files-2.1\a6ee74fb178b3ea5a892efce09fbf14f\jetified-kotlin-stdlib-jdk7-1.3.61.jar;C:\Users\zexiger\.gradle\caches\transforms-2\files-2.1\412e466d8257540697ce17fc76cf2156\jetified-core-ktx-1.2.0-api.jar;C:\Users\zexiger\.gradle\caches\transforms-2\files-2.1\8c33874182974c323a04f40a626452c3\jetified-kotlin-stdlib-1.3.61.jar;C:\Users\zexiger\.gradle\caches\transforms-2\files-2.1\710a6a007d3afc426d16b6e039176053\jetified-kotlin-stdlib-common-1.3.61.jar;C:\Users\zexiger\.gradle\caches\transforms-2\files-2.1\37b2db17f3474094fa0bbcb93412368e\jetified-annotations-13.0.jar;C:\Users\zexiger\.gradle\caches\transforms-2\files-2.1\ba9bcf13bed518da2bfb5c099ff0e8b6\jetified-qmui-2.0.0-alpha02-api.jar;C:\Users\zexiger\.gradle\caches\transforms-2\files-2.1\605801fd1f799bde3fc62caf8f432f6b\jetified-arch-2.0.0-alpha02-api.jar;C:\Users\zexiger\.gradle\caches\transforms-2\files-2.1\d88aaa991bec345c181488bf0f718c83\material-1.2.0-alpha02-api.jar;C:\Users\zexiger\.gradle\caches\transforms-2\files-2.1\d7234acb9c9bc42c98126ea58d94f057\appcompat-1.1.0-api.jar;C:\Users\zexiger\.gradle\caches\transforms-2\files-2.1\1b2e82b4536b0236f18899453501024e\jetified-viewpager2-1.0.0-rc01-api.jar;C:\Users\zexiger\.gradle\caches\transforms-2\files-2.1\8e9452bbeafd793858b677838d7112af\fragment-1.2.0-beta02-api.jar;C:\Users\zexiger\.gradle\caches\transforms-2\files-2.1\f31fa4ba3f1f2f105606f825a418f3f0\jetified-appcompat-resources-1.1.0-api.jar;C:\Users\zexiger\.gradle\caches\transforms-2\files-2.1\675fb8ac46037f96bf818653017729a6\drawerlayout-1.0.0-api.jar;C:\Users\zexiger\.gradle\caches\transforms-2\files-2.1\18c5a845d858ab8f399404f9
java_class_path (initial): C:\Users\zexiger\.gradle\caches\modules-2\files-2.1\org.jetbrains.kotlin\kotlin-compiler-embeddable\1.3.61\c35c0833d5a1e3d229359758482c480306724618\kotlin-compiler-embeddable-1.3.61.jar;C:\Users\zexiger\.gradle\caches\modules-2\files-2.1\org.jetbrains.kotlin\kotlin-reflect\1.3.61\2e07c9a84c9e118efb70eede7e579fd663932122\kotlin-reflect-1.3.61.jar;C:\Users\zexiger\.gradle\caches\modules-2\files-2.1\org.jetbrains.kotlin\kotlin-stdlib\1.3.61\4702105e97f7396ae41b113fdbdc180ec1eb1e36\kotlin-stdlib-1.3.61.jar;C:\Users\zexiger\.gradle\caches\modules-2\files-2.1\org.jetbrains.kotlin\kotlin-script-runtime\1.3.61\e5feb39c8de63dcbdc1154b34ca4413874231605\kotlin-script-runtime-1.3.61.jar;C:\Users\zexiger\.gradle\caches\modules-2\files-2.1\org.jetbrains.kotlin\kotlin-daemon-embeddable\1.3.61\4de83e41a92c8395d89ab2e81d26b788ba163824\kotlin-daemon-embeddable-1.3.61.jar;C:\Users\zexiger\.gradle\caches\modules-2\files-2.1\org.jetbrains.intellij.deps\trove4j\1.0.20181211\216c2e14b070f334479d800987affe4054cd563f\trove4j-1.0.20181211.jar;C:\Users\zexiger\.gradle\caches\modules-2\files-2.1\org.jetbrains.kotlin\kotlin-stdlib-common\1.3.61\65abb71d5afb850b68be03987b08e2c864ca3110\kotlin-stdlib-common-1.3.61.jar;C:\Users\zexiger\.gradle\caches\modules-2\files-2.1\org.jetbrains\annotations\13.0\919f0dfe192fb4e063e7dacadee7f8bb9a2672a9\annotations-13.0.jar;C:\Program Files\Android\Android Studio\jre\lib\tools.jar
Launcher Type: SUN_STANDARD

Environment Variables:
JAVA_HOME=C:\Program Files (x86)\Java\jdk1.8.0_191
CLASSPATH=.;C:\Program Files (x86)\Java\jdk1.8.0_191\lib;C:\Program Files (x86)\Java\jdk1.8.0_191\lib\tools.jar;
PATH=D:\anaconda;D:\anaconda\Library\mingw-w64\bin;D:\anaconda\Library\usr\bin;D:\anaconda\Library\bin;D:\anaconda\Scripts;C:\Program Files (x86)\NetSarang\Xshell 6\;C:\Program Files (x86)\Common Files\Oracle\Java\javapath;C:\ProgramData\Oracle\Java\javapath;C:\Program Files (x86)\Intel\iCLS Client\;C:\Program Files\Intel\iCLS Client\;C:\Windows\system32;C:\Windows;C:\Windows\System32\Wbem;C:\Windows\System32\WindowsPowerShell\v1.0\;C:\Program Files\Intel\WiFi\bin\;C:\Program Files\Common Files\Intel\WirelessCommon\;C:\Program Files (x86)\NVIDIA Corporation\PhysX\Common;C:\Program Files (x86)\Intel\Intel(R) Management Engine Components\DAL;C:\Program Files\Intel\Intel(R) Management Engine Components\DAL;C:\Program Files (x86)\Intel\Intel(R) Management Engine Components\IPT;C:\Program Files\Intel\Intel(R) Management Engine Components\IPT;C:\Program Files (x86)\Java\jdk1.8.0_191\bin;C:\Program Files (x86)\Java\jre1.8.0_191\bin;C:\WINDOWS\system32;C:\WINDOWS;C:\WINDOWS\System32\Wbem;C:\WINDOWS\System32\WindowsPowerShell\v1.0\;C:\WINDOWS\System32\OpenSSH\;D:\新建文件夹\my-VS-HTML\Microsoft VS Code\bin;C:\;ogram Files\Git\cmd;C:\Users\zexiger\AppData\Local\Android\Sdk\tools;C:\Users\zexiger\AppData\Local\Android\Sdk\platform-tools;C:\Program Files\Git\cmd;D:\Node\;C:\Program Files\NVIDIA Corporation\NVIDIA NvDLISR;D:\夜神模拟器\Nox\bin;C:\WINDOWS\system32;C:\WINDOWS;C:\WINDOWS\System32\Wbem;C:\WINDOWS\System32\WindowsPowerShell\v1.0\;C:\WINDOWS\System32\OpenSSH\;D:\wampserver\bin\php\php5.5.12;C:\ProgramData\ComposerSetup\bin;D:\MinGW\bin;D:\Tomcat\apache-tomcat-9.0.31\bin;C:\Program;C:\Program Files\MySQL\MySQL Server 5.1\bin;C:\Users\zexiger\AppData\Local\Microsoft\WindowsApps;C:\Users\zexiger\AppData\Roaming\npm;D:\Fidder\Fiddler;C:\Program Files\JetBrains\IntelliJ IDEA Community Edition 2019.1\bin;C:\Users\zexiger\AppData\Local\Microsoft\WindowsApps;C:\Users\zexiger\AppData\Roaming\Composer\vendor\bin;C:\Users\zexiger\AppData\Local\GitHubDesktop\bin
USERNAME=zexiger
OS=Windows_NT
PROCESSOR_IDENTIFIER=Intel64 Family 6 Model 142 Stepping 10, GenuineIntel



---------------  S Y S T E M  ---------------

OS: Windows 10.0 , 64 bit Build 18362 (10.0.18362.329)

CPU:total 8 (initial active 8) (4 cores per cpu, 2 threads per core) family 6 model 142 stepping 10, cmov, cx8, fxsr, mmx, sse, sse2, sse3, ssse3, sse4.1, sse4.2, popcnt, avx, avx2, aes, clmul, erms, 3dnowpref, lzcnt, ht, tsc, tscinvbit, bmi1, bmi2, adx

Memory: 4k page, physical 8262888k(503744k free), swap 15252708k(3196k free)

vm_info: OpenJDK 64-Bit Server VM (25.212-b04) for windows-amd64 JRE (1.8.0_212-release-1586-b04), built by "builder" with MS VC++ 10.0 (VS2010)

time: Tue Apr 07 10:11:22 2020
timezone: 中国标准时间
elapsed time: 1 seconds (0d 0h 0m 1s)

